{
  "RSpec": {
    "coverage": {
      "/vagrant/Escola X Leitor/spec/controllers/reader_controller_spec.rb": [
        1,
        null,
        1,
        null,
        1,
        null,
        1,
        1,
        null,
        1,
        1,
        null,
        null,
        null,
        null,
        null,
        null,
        null,
        null
      ],
      "/vagrant/Escola X Leitor/spec/rails_helper.rb": [
        null,
        1,
        1,
        1,
        null,
        1,
        1,
        null,
        null,
        null,
        null,
        null,
        null,
        null,
        null,
        null,
        null,
        null,
        null,
        null,
        null,
        null,
        null,
        null,
        null,
        null,
        1,
        null,
        1,
        null,
        1,
        null,
        null,
        null,
        null,
        1,
        null,
        null,
        null,
        null,
        null,
        null,
        null,
        null,
        null,
        null,
        null,
        null,
        null,
        null,
        1,
        null,
        null,
        1,
        null,
        null,
        null
      ],
      "/vagrant/Escola X Leitor/config/environment.rb": [
        null,
        1,
        null,
        null,
        1
      ],
      "/vagrant/Escola X Leitor/config/application.rb": [
        1,
        null,
        1,
        null,
        null,
        null,
        1,
        null,
        1,
        1,
        null,
        null,
        null,
        null,
        null
      ],
      "/vagrant/Escola X Leitor/config/boot.rb": [
        1,
        null,
        1
      ],
      "/vagrant/Escola X Leitor/config/environments/test.rb": [
        1,
        null,
        null,
        null,
        null,
        null,
        null,
        1,
        null,
        null,
        null,
        null,
        1,
        null,
        null,
        1,
        1,
        null,
        null,
        null,
        null,
        1,
        1,
        null,
        null,
        1,
        null,
        null,
        1,
        1,
        null,
        null,
        null,
        null,
        1,
        null,
        null,
        1,
        null,
        null,
        null,
        null
      ],
      "/vagrant/Escola X Leitor/config/initializers/application_controller_renderer.rb": [
        null,
        null,
        null,
        null,
        null,
        null
      ],
      "/vagrant/Escola X Leitor/config/initializers/assets.rb": [
        null,
        null,
        null,
        1,
        null,
        null,
        null,
        null,
        null,
        null,
        null
      ],
      "/vagrant/Escola X Leitor/config/initializers/backtrace_silencers.rb": [
        null,
        null,
        null,
        null,
        null,
        null,
        null
      ],
      "/vagrant/Escola X Leitor/config/initializers/cookies_serializer.rb": [
        null,
        null,
        null,
        null,
        1
      ],
      "/vagrant/Escola X Leitor/config/initializers/filter_parameter_logging.rb": [
        null,
        null,
        null,
        1
      ],
      "/vagrant/Escola X Leitor/config/initializers/inflections.rb": [
        null,
        null,
        null,
        null,
        null,
        null,
        null,
        null,
        null,
        null,
        null,
        null,
        null,
        null,
        null,
        null
      ],
      "/vagrant/Escola X Leitor/config/initializers/mime_types.rb": [
        null,
        null,
        null,
        null
      ],
      "/vagrant/Escola X Leitor/config/initializers/new_framework_defaults.rb": [
        null,
        null,
        null,
        null,
        null,
        null,
        null,
        1,
        null,
        null,
        1,
        null,
        null,
        null,
        1,
        null,
        null,
        1,
        null,
        null,
        1,
        null,
        null,
        1
      ],
      "/vagrant/Escola X Leitor/config/initializers/session_store.rb": [
        null,
        null,
        1
      ],
      "/vagrant/Escola X Leitor/config/initializers/wrap_parameters.rb": [
        null,
        null,
        null,
        null,
        null,
        null,
        1,
        2,
        null,
        null,
        null,
        null,
        null,
        null
      ],
      "/vagrant/Escola X Leitor/config/routes.rb": [
        1,
        1,
        1,
        null,
        1,
        1,
        null,
        null
      ],
      "/vagrant/Escola X Leitor/app/helpers/application_helper.rb": [
        1,
        null
      ],
      "/vagrant/Escola X Leitor/app/controllers/reader_controller.rb": [
        1,
        1,
        1,
        null,
        1,
        1,
        null,
        null,
        null,
        null,
        null,
        null,
        null,
        null
      ],
      "/vagrant/Escola X Leitor/app/controllers/application_controller.rb": [
        1,
        1,
        null
      ],
      "/vagrant/Escola X Leitor/spec/models/alumn_spec.rb": [
        1,
        null,
        1,
        1,
        null
      ],
      "/vagrant/Escola X Leitor/app/models/alumn.rb": [
        1,
        null,
        1,
        0,
        null,
        null,
        null
      ],
      "/vagrant/Escola X Leitor/app/models/application_record.rb": [
        1,
        1,
        null
      ],
      "/vagrant/Escola X Leitor/spec/models/parent_spec.rb": [
        1,
        null,
        1,
        1,
        null
      ],
      "/vagrant/Escola X Leitor/app/models/parent.rb": [
        1,
        null
      ]
    },
    "timestamp": 1495121920
  }
}
